<?xml version="1.0" encoding="UTF-8"?>
<!-- Generated by org.testng.reporters.JUnitReportReporter -->
<testsuite skipped="0" hostname="BOG06PROVL01.local" name="regression.test.api.rest.TestReportsApiBodyAsString" tests="1" failures="0" timestamp="05 jun 2018 17:53:31 GMT" time="2.262" errors="0">
  <testcase name="TestReportsApiBodyAsString" time="2.262" classname="regression.test.api.rest.TestReportsApiBodyAsString"/>
</testsuite> <!-- regression.test.api.rest.TestReportsApiBodyAsString -->
