<?xml version="1.0" encoding="UTF-8"?>
<!-- Generated by org.testng.reporters.JUnitReportReporter -->
<testsuite skipped="0" hostname="BOG06PROVL01.local" name="regression.test.api.rest.TestReportsApiBodyAsJavaObject" tests="1" failures="0" timestamp="05 jun 2018 18:29:09 GMT" time="2.686" errors="0">
  <testcase name="TestReportsApiBodyAsJavaObjectJson" time="2.686" classname="regression.test.api.rest.TestReportsApiBodyAsJavaObject"/>
</testsuite> <!-- regression.test.api.rest.TestReportsApiBodyAsJavaObject -->
