<?xml version="1.0" encoding="UTF-8"?>
<!-- Generated by org.testng.reporters.JUnitReportReporter -->
<testsuite skipped="0" hostname="BOG06PROVL01.local" name="regression.test.api.rest.AppTest" tests="1" failures="0" timestamp="05 jun 2018 16:56:03 GMT" time="2.175" errors="0">
  <testcase name="TestReportsApi" time="2.175" classname="regression.test.api.rest.AppTest"/>
</testsuite> <!-- regression.test.api.rest.AppTest -->
